2022-07-19 11:15:01,088 - __main__ - INFO - Token value: Token not available!
2022-07-19 11:15:01,760 - __main__ - INFO - Weather in Berlin: 30.32
2022-07-19 10:09:58,525 - __main__ - INFO - Token value: 1234
2022-07-19 10:09:58,949 - __main__ - INFO - Weather in Berlin: 32.56
2022-07-19 12:17:50,405 - __main__ - INFO - Token value: 1234
2022-07-19 12:17:50,875 - __main__ - INFO - Weather in Berlin: 33.66
2022-07-19 14:09:00,868 - __main__ - INFO - Token value: 1234
2022-07-19 14:09:01,435 - __main__ - INFO - Weather in Berlin: 34.86
2022-07-19 16:12:16,906 - __main__ - INFO - Token value: 1234
2022-07-19 16:12:17,306 - __main__ - INFO - Weather in Berlin: 34.28
2022-07-19 18:10:53,682 - __main__ - INFO - Token value: 1234
2022-07-19 18:10:53,844 - __main__ - INFO - Weather in Berlin: 31.9
2022-07-19 20:09:35,027 - __main__ - INFO - Token value: 1234
2022-07-19 20:09:35,139 - __main__ - INFO - Weather in Berlin: 27.52
2022-07-19 22:09:04,334 - __main__ - INFO - Token value: 1234
2022-07-19 22:09:04,912 - __main__ - INFO - Weather in Berlin: 25.4
2022-07-20 00:46:12,649 - __main__ - INFO - Token value: 1234
2022-07-20 00:46:13,296 - __main__ - INFO - Weather in Berlin: 24.18
2022-07-20 03:36:18,748 - __main__ - INFO - Token value: 1234
2022-07-20 03:36:18,916 - __main__ - INFO - Weather in Berlin: 22.12
2022-07-20 04:30:43,477 - __main__ - INFO - Token value: 1234
2022-07-20 04:30:43,776 - __main__ - INFO - Weather in Berlin: 21.64
2022-07-20 06:11:40,340 - __main__ - INFO - Token value: 1234
2022-07-20 06:11:41,194 - __main__ - INFO - Weather in Berlin: 24.95
2022-07-20 08:12:25,109 - __main__ - INFO - Token value: 1234
2022-07-20 08:12:25,397 - __main__ - INFO - Weather in Berlin: 30.85
2022-07-20 10:09:27,874 - __main__ - INFO - Token value: 1234
2022-07-20 10:09:28,041 - __main__ - INFO - Weather in Berlin: 35.42
2022-07-20 12:16:14,801 - __main__ - INFO - Token value: 1234
2022-07-20 12:16:15,447 - __main__ - INFO - Weather in Berlin: 36.64
2022-07-20 14:10:42,143 - __main__ - INFO - Token value: 1234
2022-07-20 14:10:42,285 - __main__ - INFO - Weather in Berlin: 37.34
2022-07-20 16:11:32,101 - __main__ - INFO - Token value: 1234
2022-07-20 16:11:32,270 - __main__ - INFO - Weather in Berlin: 36.32
2022-07-20 18:11:08,871 - __main__ - INFO - Token value: 1234
2022-07-20 18:11:09,450 - __main__ - INFO - Weather in Berlin: 35.75
2022-07-20 20:10:07,208 - __main__ - INFO - Token value: 1234
2022-07-20 20:10:07,807 - __main__ - INFO - Weather in Berlin: 29.16
2022-07-20 22:08:32,880 - __main__ - INFO - Token value: 1234
2022-07-20 22:08:33,309 - __main__ - INFO - Weather in Berlin: 27.72
2022-07-21 00:51:04,670 - __main__ - INFO - Token value: 1234
2022-07-21 00:51:04,945 - __main__ - INFO - Weather in Berlin: 25.62
2022-07-21 03:32:21,183 - __main__ - INFO - Token value: 1234
2022-07-21 03:32:21,622 - __main__ - INFO - Weather in Berlin: 24.17
2022-07-21 04:33:49,059 - __main__ - INFO - Token value: 1234
2022-07-21 04:33:49,712 - __main__ - INFO - Weather in Berlin: 23.8
2022-07-21 06:11:40,676 - __main__ - INFO - Token value: 1234
2022-07-21 06:11:41,078 - __main__ - INFO - Weather in Berlin: 24.1
2022-07-21 08:11:51,774 - __main__ - INFO - Token value: 1234
2022-07-21 08:11:51,925 - __main__ - INFO - Weather in Berlin: 26.61
2022-07-21 10:10:48,231 - __main__ - INFO - Token value: 1234
2022-07-21 10:10:48,658 - __main__ - INFO - Weather in Berlin: 29.39
2022-07-21 12:16:51,452 - __main__ - INFO - Token value: 1234
2022-07-21 12:16:52,210 - __main__ - INFO - Weather in Berlin: 29.02
2022-07-21 14:10:13,059 - __main__ - INFO - Token value: 1234
2022-07-21 14:10:13,760 - __main__ - INFO - Weather in Berlin: 24.62
2022-07-21 16:11:48,481 - __main__ - INFO - Token value: 1234
2022-07-21 16:11:49,254 - __main__ - INFO - Weather in Berlin: 24.51
2022-07-21 18:11:19,590 - __main__ - INFO - Token value: 1234
2022-07-21 18:11:19,965 - __main__ - INFO - Weather in Berlin: 25.79
2022-07-21 20:10:30,244 - __main__ - INFO - Token value: 1234
2022-07-21 20:10:30,328 - __main__ - INFO - Weather in Berlin: 22.77
2022-07-25 00:44:39,700 - __main__ - INFO - Token value: 1234
2022-07-25 00:44:40,082 - __main__ - INFO - Weather in Berlin: 19.9
2022-08-01 00:54:12,206 - __main__ - INFO - Token value: 1234
2022-08-01 00:54:12,694 - __main__ - INFO - Weather in Berlin: 20.23
2022-08-08 00:40:42,506 - __main__ - INFO - Token value: 1234
2022-08-08 00:40:42,610 - __main__ - INFO - Weather in Berlin: 16.92
2022-08-15 00:44:48,218 - __main__ - INFO - Token value: 1234
2022-08-15 00:44:48,828 - __main__ - INFO - Weather in Berlin: 22.05
2022-08-22 00:46:22,483 - __main__ - INFO - Token value: 1234
2022-08-22 00:46:22,604 - __main__ - INFO - Weather in Berlin: 16.54
2022-08-29 00:51:03,885 - __main__ - INFO - Token value: 1234
2022-08-29 00:51:04,463 - __main__ - INFO - Weather in Berlin: 13.61
2022-09-05 00:54:44,539 - __main__ - INFO - Token value: 1234
2022-09-05 00:54:45,065 - __main__ - INFO - Weather in Berlin: 15.8
2022-09-12 00:48:56,255 - __main__ - INFO - Token value: 1234
2022-09-12 00:48:56,362 - __main__ - INFO - Weather in Berlin: 12.68
2022-09-19 00:51:28,986 - __main__ - INFO - Token value: 1234
2022-09-19 00:51:29,073 - __main__ - INFO - Weather in Berlin: 8.79
2022-09-26 00:54:36,285 - __main__ - INFO - Token value: 1234
2022-09-26 00:54:36,670 - __main__ - INFO - Weather in Berlin: 11.75
2022-10-03 00:53:53,511 - __main__ - INFO - Token value: 1234
2022-10-03 00:53:54,115 - __main__ - INFO - Weather in Berlin: 11.07
2022-10-10 00:59:22,592 - __main__ - INFO - Token value: 1234
2022-10-10 00:59:22,684 - __main__ - INFO - Weather in Berlin: 7.73
2022-10-17 01:03:34,041 - __main__ - INFO - Token value: 1234
2022-10-17 01:03:34,808 - __main__ - INFO - Weather in Berlin: 13.02
2022-10-26 03:50:48,922 - __main__ - INFO - Token value: 
2022-10-26 03:50:49,148 - __main__ - INFO - Weather in Berlin: 9.52
2022-11-02 03:58:59,124 - __main__ - INFO - Token value: 
2022-11-02 03:58:59,752 - __main__ - INFO - Weather in Berlin: 8.93
2022-11-09 03:38:24,622 - __main__ - INFO - Token value: 
2022-11-09 03:38:25,036 - __main__ - INFO - Weather in Berlin: 11.24
2022-11-16 03:16:09,194 - __main__ - INFO - Token value: 
2022-11-16 03:16:09,780 - __main__ - INFO - Weather in Berlin: 5.2
2022-11-23 03:02:02,353 - __main__ - INFO - Token value: 
2022-11-23 03:02:02,911 - __main__ - INFO - Weather in Berlin: 1.08
2022-11-30 02:49:27,525 - __main__ - INFO - Token value: 
2022-11-30 02:49:27,679 - __main__ - INFO - Weather in Berlin: 3.71
2022-12-07 02:48:28,104 - __main__ - INFO - Token value: 
2022-12-07 02:48:28,573 - __main__ - INFO - Weather in Berlin: 1.6
2022-12-14 02:47:22,079 - __main__ - INFO - Token value: 
2022-12-14 02:47:22,670 - __main__ - INFO - Weather in Berlin: -6.81
2022-12-21 02:33:45,720 - __main__ - INFO - Token value: 
2022-12-21 02:33:46,346 - __main__ - INFO - Weather in Berlin: 4.94
2022-12-28 02:34:29,303 - __main__ - INFO - Token value: 
2022-12-28 02:34:29,486 - __main__ - INFO - Weather in Berlin: 4.36
2023-01-04 02:38:19,738 - __main__ - INFO - Token value: 
2023-01-04 02:38:19,888 - __main__ - INFO - Weather in Berlin: 3.66
2023-01-11 02:40:45,499 - __main__ - INFO - Token value: 
2023-01-11 02:40:45,848 - __main__ - INFO - Weather in Berlin: 4.57
2023-01-18 02:43:01,163 - __main__ - INFO - Token value: 
2023-01-18 02:43:01,832 - __main__ - INFO - Weather in Berlin: -0.64
2023-01-25 02:38:14,111 - __main__ - INFO - Token value: 
2023-01-25 02:38:14,598 - __main__ - INFO - Weather in Berlin: 1.14
2023-02-01 02:54:07,554 - __main__ - INFO - Token value: 
2023-02-01 02:54:08,012 - __main__ - INFO - Weather in Berlin: 4.16
2023-02-08 02:46:15,822 - __main__ - INFO - Token value: 
2023-02-08 02:46:16,506 - __main__ - INFO - Weather in Berlin: -2.23
2023-02-15 02:47:47,914 - __main__ - INFO - Token value: 
2023-02-15 02:47:48,531 - __main__ - INFO - Weather in Berlin: 0.58
2023-02-22 02:46:32,501 - __main__ - INFO - Token value: 
2023-02-22 02:46:32,686 - __main__ - INFO - Weather in Berlin: 6.38
2023-03-01 02:57:56,339 - __main__ - INFO - Token value: 
2023-03-01 02:57:56,941 - __main__ - INFO - Weather in Berlin: -0.92
2023-03-08 02:51:31,204 - __main__ - INFO - Token value: 
2023-03-08 02:51:31,951 - __main__ - INFO - Weather in Berlin: -0.22
2023-03-15 02:36:48,905 - __main__ - INFO - Token value: 
2023-03-15 02:36:49,066 - __main__ - INFO - Weather in Berlin: 1.32
2023-03-22 02:31:30,827 - __main__ - INFO - Token value: 
2023-03-22 02:31:31,166 - __main__ - INFO - Weather in Berlin: 9.02
2023-03-29 02:40:36,066 - __main__ - INFO - Token value: 
2023-03-29 02:40:36,252 - __main__ - INFO - Weather in Berlin: 2.35
2023-04-05 02:19:33,386 - __main__ - INFO - Token value: 
2023-04-05 02:19:33,522 - __main__ - INFO - Weather in Berlin: -0.4
2023-04-12 02:29:30,212 - __main__ - INFO - Token value: 
2023-04-12 02:29:30,798 - __main__ - INFO - Weather in Berlin: 3.34
2023-04-19 02:31:42,030 - __main__ - INFO - Token value: 
2023-04-19 02:31:42,208 - __main__ - INFO - Weather in Berlin: 5.25
2023-04-26 02:30:43,254 - __main__ - INFO - Token value: 
2023-04-26 02:30:43,707 - __main__ - INFO - Weather in Berlin: 3.75
2023-05-03 02:29:13,679 - __main__ - INFO - Token value: 
2023-05-03 02:29:14,264 - __main__ - INFO - Weather in Berlin: 6.12
2023-05-10 02:29:19,347 - __main__ - INFO - Token value: 
2023-05-10 02:29:19,883 - __main__ - INFO - Weather in Berlin: 11.1
2023-05-17 02:31:36,832 - __main__ - INFO - Token value: 
2023-05-17 02:31:37,266 - __main__ - INFO - Weather in Berlin: 7.0
2023-05-24 02:33:48,226 - __main__ - INFO - Token value: 
2023-05-24 02:33:48,515 - __main__ - INFO - Weather in Berlin: 9.51
2023-05-31 02:51:24,561 - __main__ - INFO - Token value: 
2023-05-31 02:51:25,150 - __main__ - INFO - Weather in Berlin: 10.49
2023-06-07 02:52:16,236 - __main__ - INFO - Token value: 
2023-06-07 02:52:16,806 - __main__ - INFO - Weather in Berlin: 18.27
2023-06-14 02:38:44,677 - __main__ - INFO - Token value: 
2023-06-14 02:38:45,241 - __main__ - INFO - Weather in Berlin: 12.33
2023-06-21 02:35:25,547 - __main__ - INFO - Token value: 
2023-06-21 02:35:26,020 - __main__ - INFO - Weather in Berlin: 19.41
2023-06-28 02:56:31,333 - __main__ - INFO - Token value: 
2023-06-28 02:56:31,680 - __main__ - INFO - Weather in Berlin: 13.57
2023-07-05 02:57:24,000 - __main__ - INFO - Token value: 
2023-07-05 02:57:24,589 - __main__ - INFO - Weather in Berlin: 14.51
2023-07-12 02:54:45,003 - __main__ - INFO - Token value: 
2023-07-12 02:54:45,456 - __main__ - INFO - Weather in Berlin: 21.9
2023-07-19 03:42:08,124 - __main__ - INFO - Token value: 
2023-07-19 03:42:08,800 - __main__ - INFO - Weather in Berlin: 13.96
2023-07-26 02:34:23,227 - __main__ - INFO - Token value: 
2023-07-26 02:34:24,066 - __main__ - INFO - Weather in Berlin: 13.33
2023-08-02 02:24:34,476 - __main__ - INFO - Token value: 
2023-08-02 02:24:35,043 - __main__ - INFO - Weather in Berlin: 16.01
2023-08-09 02:27:26,169 - __main__ - INFO - Token value: 
2023-08-09 02:27:26,653 - __main__ - INFO - Weather in Berlin: 12.71
2023-08-16 02:16:54,378 - __main__ - INFO - Token value: 
2023-08-16 02:16:54,828 - __main__ - INFO - Weather in Berlin: 21.18
2023-08-23 02:16:34,140 - __main__ - INFO - Token value: 
2023-08-23 02:16:34,437 - __main__ - INFO - Weather in Berlin: 17.45
2023-08-30 02:17:55,229 - __main__ - INFO - Token value: 
2023-08-30 02:17:55,747 - __main__ - INFO - Weather in Berlin: 13.68
2023-09-06 02:18:06,237 - __main__ - INFO - Token value: 
2023-09-06 02:18:06,376 - __main__ - INFO - Weather in Berlin: 17.03
2023-09-13 02:19:21,628 - __main__ - INFO - Token value: 
2023-09-13 02:19:22,141 - __main__ - INFO - Weather in Berlin: 19.7
2023-09-20 02:18:55,623 - __main__ - INFO - Token value: 
2023-09-20 02:18:55,834 - __main__ - INFO - Weather in Berlin: 15.41
2023-09-27 02:19:32,306 - __main__ - INFO - Token value: 
2023-09-27 02:19:33,050 - __main__ - INFO - Weather in Berlin: 15.99
2023-10-04 02:21:10,130 - __main__ - INFO - Token value: 
2023-10-04 02:21:10,494 - __main__ - INFO - Weather in Berlin: 12.2
2023-10-11 02:19:43,973 - __main__ - INFO - Token value: 
2023-10-11 02:19:44,580 - __main__ - INFO - Weather in Berlin: 14.61
2023-10-18 02:20:43,777 - __main__ - INFO - Token value: 
2023-10-18 02:20:44,362 - __main__ - INFO - Weather in Berlin: 5.54
2023-10-25 02:19:52,098 - __main__ - INFO - Token value: 
2023-10-25 02:19:52,727 - __main__ - INFO - Weather in Berlin: 11.76
2023-11-01 02:23:48,837 - __main__ - INFO - Token value: 
2023-11-01 02:23:49,085 - __main__ - INFO - Weather in Berlin: 7.23
2023-11-08 02:22:03,539 - __main__ - INFO - Token value: 
2023-11-08 02:22:04,341 - __main__ - INFO - Weather in Berlin: 8.28
2023-11-15 02:25:46,793 - __main__ - INFO - Token value: 
2023-11-15 02:25:47,635 - __main__ - INFO - Weather in Berlin: 9.39
2023-11-22 02:28:37,601 - __main__ - INFO - Token value: 
2023-11-22 02:28:37,743 - __main__ - INFO - Weather in Berlin: 0.23
2023-11-29 02:25:55,837 - __main__ - INFO - Token value: 
2023-11-29 02:25:56,500 - __main__ - INFO - Weather in Berlin: -2.89
2023-12-06 02:26:37,683 - __main__ - INFO - Token value: 
2023-12-06 02:26:37,950 - __main__ - INFO - Weather in Berlin: 0.15
2023-12-13 02:26:56,912 - __main__ - INFO - Token value: 
2023-12-13 02:26:57,481 - __main__ - INFO - Weather in Berlin: 4.09
2023-12-20 02:11:49,787 - __main__ - INFO - Token value: 
2023-12-20 02:11:50,312 - __main__ - INFO - Weather in Berlin: 6.53
2023-12-27 02:23:00,556 - __main__ - INFO - Token value: 
2023-12-27 02:23:02,567 - __main__ - INFO - Weather in Berlin: 4.59
2024-01-03 02:24:22,850 - __main__ - INFO - Token value: 
2024-01-03 02:24:23,186 - __main__ - INFO - Weather in Berlin: 8.47
2024-01-10 02:26:52,031 - __main__ - INFO - Token value: 
2024-01-10 02:26:52,485 - __main__ - INFO - Weather in Berlin: -6.79
2024-01-17 02:27:55,010 - __main__ - INFO - Token value: 
2024-01-17 02:27:55,597 - __main__ - INFO - Weather in Berlin: -2.62
2024-01-24 02:28:54,558 - __main__ - INFO - Token value: 
2024-01-24 02:28:55,063 - __main__ - INFO - Weather in Berlin: 5.69
2024-01-31 02:19:09,937 - __main__ - INFO - Token value: 
2024-01-31 02:19:10,396 - __main__ - INFO - Weather in Berlin: 8.27
2024-02-07 02:17:46,428 - __main__ - INFO - Token value: 
2024-02-14 02:18:57,668 - __main__ - INFO - Token value: 
2024-02-21 02:18:27,217 - __main__ - INFO - Token value: 
2024-02-28 02:19:20,587 - __main__ - INFO - Token value: 
2024-03-06 02:18:01,495 - __main__ - INFO - Token value: 
2024-03-13 02:20:42,532 - __main__ - INFO - Token value: 
2024-03-20 02:18:29,382 - __main__ - INFO - Token value: 
2024-03-27 02:19:04,103 - __main__ - INFO - Token value: 
2024-04-03 02:20:40,769 - __main__ - INFO - Token value: 
2024-04-10 02:21:12,422 - __main__ - INFO - Token value: 
2024-04-17 02:22:59,942 - __main__ - INFO - Token value: 
2024-04-24 02:22:52,785 - __main__ - INFO - Token value: 
2024-05-01 02:28:03,077 - __main__ - INFO - Token value: 
2024-05-08 02:15:18,622 - __main__ - INFO - Token value: 
2024-05-15 02:29:36,701 - __main__ - INFO - Token value: 
2024-05-22 02:27:25,706 - __main__ - INFO - Token value: 
2024-05-29 02:30:39,346 - __main__ - INFO - Token value: 
2024-06-05 02:30:01,269 - __main__ - INFO - Token value: 
2024-06-12 02:31:21,236 - __main__ - INFO - Token value: 
2024-06-19 02:31:37,435 - __main__ - INFO - Token value: 
2024-06-26 02:30:28,594 - __main__ - INFO - Token value: 
2024-07-03 02:30:31,344 - __main__ - INFO - Token value: 
2024-07-10 02:32:16,612 - __main__ - INFO - Token value: 
2024-07-17 02:33:10,858 - __main__ - INFO - Token value: 
2024-07-24 02:33:16,438 - __main__ - INFO - Token value: 
2024-07-31 02:14:42,795 - __main__ - INFO - Token value: 
2024-08-07 02:35:37,566 - __main__ - INFO - Token value: 
2024-08-14 02:35:23,911 - __main__ - INFO - Token value: 
2024-08-21 02:34:33,849 - __main__ - INFO - Token value: 
2024-08-28 02:37:26,365 - __main__ - INFO - Token value: 
2024-09-04 02:39:52,302 - __main__ - INFO - Token value: 
2024-09-11 02:40:06,143 - __main__ - INFO - Token value: 
2024-09-18 02:41:59,154 - __main__ - INFO - Token value: 
2024-09-25 02:50:25,934 - __main__ - INFO - Token value: 
2024-10-02 02:47:57,318 - __main__ - INFO - Token value: 
2024-10-09 02:48:31,613 - __main__ - INFO - Token value: 
2024-10-16 02:51:23,144 - __main__ - INFO - Token value: 
2024-10-23 02:49:04,093 - __main__ - INFO - Token value: 
2024-10-30 02:50:43,597 - __main__ - INFO - Token value: 
2024-11-06 02:44:33,524 - __main__ - INFO - Token value: 
2024-11-13 02:47:17,747 - __main__ - INFO - Token value: 
2024-11-20 02:54:48,962 - __main__ - INFO - Token value: 
2024-11-27 02:59:05,409 - __main__ - INFO - Token value: 
2024-12-04 03:01:28,364 - __main__ - INFO - Token value: 
2024-12-11 03:00:34,804 - __main__ - INFO - Token value: 
2024-12-18 02:55:26,418 - __main__ - INFO - Token value: 
2024-12-25 02:45:26,708 - __main__ - INFO - Token value: 
2025-01-01 02:54:49,871 - __main__ - INFO - Token value: 
2025-01-08 02:47:13,356 - __main__ - INFO - Token value: 
2025-01-15 02:42:15,450 - __main__ - INFO - Token value: 
2025-01-22 02:46:01,248 - __main__ - INFO - Token value: 
2025-01-29 02:41:17,114 - __main__ - INFO - Token value: 
2025-02-05 02:45:12,355 - __main__ - INFO - Token value: 
2025-02-12 02:45:52,649 - __main__ - INFO - Token value: 
2025-02-19 02:47:37,311 - __main__ - INFO - Token value: 
2025-02-26 02:50:35,085 - __main__ - INFO - Token value: 
2025-03-05 02:52:59,524 - __main__ - INFO - Token value: 
2025-03-12 02:53:37,257 - __main__ - INFO - Token value: 
2025-03-19 02:56:20,773 - __main__ - INFO - Token value: 
2025-03-26 02:57:15,358 - __main__ - INFO - Token value: 
2025-04-02 03:00:01,069 - __main__ - INFO - Token value: 
2025-04-09 03:00:32,712 - __main__ - INFO - Token value: 
2025-04-16 03:03:44,231 - __main__ - INFO - Token value: 
2025-04-23 03:03:11,311 - __main__ - INFO - Token value: 
2025-04-30 03:05:02,193 - __main__ - INFO - Token value: 
2025-05-07 03:09:00,865 - __main__ - INFO - Token value: 
2025-05-14 03:09:16,438 - __main__ - INFO - Token value: 
2025-05-21 03:11:04,080 - __main__ - INFO - Token value: 
2025-05-28 03:12:45,231 - __main__ - INFO - Token value: 
2025-06-04 03:15:32,989 - __main__ - INFO - Token value: 
2025-06-11 03:16:46,877 - __main__ - INFO - Token value: 
2025-06-18 03:16:01,932 - __main__ - INFO - Token value: 
2025-06-25 03:19:13,074 - __main__ - INFO - Token value: 
2025-07-02 03:18:06,146 - __main__ - INFO - Token value: 
2025-07-09 03:21:37,082 - __main__ - INFO - Token value: 
2025-07-16 03:27:16,236 - __main__ - INFO - Token value: 
2025-07-23 03:39:15,451 - __main__ - INFO - Token value: 
2025-07-30 03:42:44,841 - __main__ - INFO - Token value: 
2025-08-06 03:44:12,200 - __main__ - INFO - Token value: 
2025-08-13 03:19:28,630 - __main__ - INFO - Token value: 
2025-08-20 03:07:51,730 - __main__ - INFO - Token value: 
2025-08-27 03:01:27,521 - __main__ - INFO - Token value: 
2025-09-03 02:54:14,794 - __main__ - INFO - Token value: 
2025-09-10 02:54:06,939 - __main__ - INFO - Token value: 
2025-09-17 02:54:24,981 - __main__ - INFO - Token value: 
2025-09-24 02:58:30,276 - __main__ - INFO - Token value: 
2025-10-01 03:10:30,775 - __main__ - INFO - Token value: 
2025-10-08 02:56:48,481 - __main__ - INFO - Token value: 
2025-10-15 03:03:59,276 - __main__ - INFO - Token value: 
2025-10-22 03:10:19,150 - __main__ - INFO - Token value: 
2025-10-29 03:14:47,186 - __main__ - INFO - Token value: 
2025-11-05 03:11:01,146 - __main__ - INFO - Token value: 
2025-11-12 03:11:34,351 - __main__ - INFO - Token value: 
2025-11-19 03:11:22,966 - __main__ - INFO - Token value: 
2025-11-26 03:14:27,968 - __main__ - INFO - Token value: 
2025-12-03 03:17:03,326 - __main__ - INFO - Token value: 
2025-12-10 03:22:17,493 - __main__ - INFO - Token value: 
2025-12-17 03:19:58,278 - __main__ - INFO - Token value: 
2025-12-24 03:23:43,963 - __main__ - INFO - Token value: 
2025-12-31 03:26:52,118 - __main__ - INFO - Token value: 
